
Fri, 15-02-2013, 11:36:31 > Authentification success.
Fri, 15-02-2013, 11:37:09 > Authentification success.
Fri, 15-02-2013, 17:13:09 > Authentification success.
Wed, 27-02-2013, 11:45:21 > Authentification success.
Wed, 27-02-2013, 15:53:14 > Authentification success.
Thu, 28-02-2013, 16:02:05 > Authentification success.
Mon, 04-03-2013, 17:43:55 > Authentification success.
Tue, 12-03-2013, 15:01:02 > Authentification success.
Tue, 12-03-2013, 15:19:16 > Authentification success.
Tue, 12-03-2013, 15:56:16 > Authentification success.
Tue, 12-03-2013, 17:25:11 > Authentification success.
Tue, 12-03-2013, 17:37:52 > Authentification success.
Tue, 12-03-2013, 17:40:12 > Application startup successful
Tue, 12-03-2013, 17:44:37 > Application startup successful
Tue, 12-03-2013, 17:44:55 > Authentification success.
Tue, 12-03-2013, 17:48:10 > Application startup successful
Tue, 12-03-2013, 17:48:29 > Application startup successful
Tue, 12-03-2013, 17:48:44 > Authentification success.
Tue, 12-03-2013, 17:51:39 > Application startup successful
Tue, 12-03-2013, 17:52:02 > Authentification success.
Tue, 12-03-2013, 17:52:44 > Application startup successful
Tue, 12-03-2013, 17:52:56 > Authentification success.
Tue, 12-03-2013, 17:55:00 > Application startup successful
Tue, 12-03-2013, 17:55:26 > Application startup successful
Tue, 12-03-2013, 17:55:50 > Authentification success.
Tue, 12-03-2013, 18:00:16 > Application startup successful
Tue, 12-03-2013, 18:00:35 > Authentification success.
Tue, 12-03-2013, 18:01:10 > Application startup successful
Tue, 12-03-2013, 18:01:47 > Application startup successful
Tue, 12-03-2013, 18:01:59 > Authentification success.
Tue, 12-03-2013, 18:02:19 > Application startup successful
Tue, 12-03-2013, 18:06:12 > Application startup successful
Tue, 12-03-2013, 18:07:02 > Authentification success.
Tue, 12-03-2013, 18:15:28 > Application startup successful
Tue, 12-03-2013, 18:15:57 > Application startup successful
Tue, 12-03-2013, 18:16:22 > Authentification success.
Tue, 12-03-2013, 18:17:55 > Authentification success.
Tue, 12-03-2013, 18:18:57 > Authentification success.
Tue, 12-03-2013, 18:19:25 > Authentification success.
Tue, 12-03-2013, 18:23:49 > Application startup successful
Tue, 12-03-2013, 18:29:15 > Application startup successful
Tue, 12-03-2013, 18:29:52 > Application startup successful
Tue, 12-03-2013, 18:30:19 > Application startup successful
Tue, 12-03-2013, 18:31:40 > Application startup successful
Tue, 12-03-2013, 18:32:00 > Authentification success.
Tue, 12-03-2013, 18:32:38 > Application startup successful
Tue, 12-03-2013, 18:33:01 > Application startup successful
Tue, 12-03-2013, 18:33:25 > Application startup successful
Tue, 12-03-2013, 18:34:04 > Application startup successful
Tue, 12-03-2013, 18:34:46 > Application startup successful
Tue, 12-03-2013, 18:35:30 > Application startup successful
Tue, 12-03-2013, 18:35:53 > Application startup successful
Tue, 12-03-2013, 18:37:24 > Application startup successful
Tue, 12-03-2013, 18:43:14 > Application startup successful
Tue, 12-03-2013, 18:49:25 > Authentification success.
Tue, 12-03-2013, 18:50:08 > Application startup successful
Wed, 13-03-2013, 09:53:39 > Authentification success.
Wed, 13-03-2013, 10:15:59 > Application startup successful
Wed, 13-03-2013, 10:21:24 > Application startup successful
Wed, 13-03-2013, 10:21:46 > Application startup successful
Wed, 13-03-2013, 10:46:39 > Authentification success.
Wed, 13-03-2013, 11:11:55 > Application startup successful
Wed, 13-03-2013, 12:52:33 > Authentification success.
Wed, 13-03-2013, 13:32:43 > Authentification success.
Wed, 13-03-2013, 14:29:23 > Authentification success.
Wed, 13-03-2013, 14:33:34 > Authentification success.
Wed, 13-03-2013, 14:42:03 > Authentification success.
Wed, 13-03-2013, 14:45:23 > Application startup successful
Wed, 13-03-2013, 14:47:23 > Authentification success.
Wed, 13-03-2013, 14:48:26 > Authentification success.
Wed, 13-03-2013, 15:20:19 > Authentification success.
Wed, 13-03-2013, 15:24:34 > Authentification success.
Wed, 13-03-2013, 15:25:03 > Authentification success.
Wed, 13-03-2013, 15:36:08 > Application startup successful
Wed, 13-03-2013, 16:12:01 > Authentification success.
Wed, 13-03-2013, 16:59:09 > Application startup successful
Wed, 13-03-2013, 17:10:58 > Authentification success.
Wed, 13-03-2013, 17:52:06 > Authentification success.
Thu, 14-03-2013, 09:07:56 > Authentification success.
Thu, 14-03-2013, 09:52:40 > Application startup successful
Thu, 14-03-2013, 10:31:44 > Application startup successful
Thu, 14-03-2013, 11:44:03 > Authentification success.
Thu, 14-03-2013, 12:18:41 > Authentification success.
Thu, 14-03-2013, 12:43:24 > Application startup successful
Thu, 14-03-2013, 12:46:48 > Authentification success.
Thu, 14-03-2013, 12:53:58 > Application startup successful
Thu, 14-03-2013, 12:54:37 > Application startup successful
Thu, 14-03-2013, 13:57:31 > Authentification success.
Thu, 14-03-2013, 14:49:08 > Authentification success.
Thu, 14-03-2013, 15:36:41 > Authentification success.
Thu, 14-03-2013, 15:36:52 > Application startup successful
Thu, 14-03-2013, 16:00:46 > Application startup successful
Thu, 14-03-2013, 16:47:07 > Application startup successful
Fri, 15-03-2013, 08:14:26 > Authentification success.
Fri, 15-03-2013, 09:18:17 > Authentification success.
Fri, 15-03-2013, 09:49:20 > Authentification success.
Fri, 15-03-2013, 14:17:23 > Authentification success.
Fri, 15-03-2013, 14:35:05 > Authentification success.
Fri, 15-03-2013, 14:39:32 > Authentification success.
Fri, 15-03-2013, 14:39:43 > Application startup successful
Fri, 15-03-2013, 14:43:58 > Authentification success.
Fri, 15-03-2013, 14:45:31 > Authentification success.
Fri, 15-03-2013, 15:21:36 > Authentification success.
Fri, 15-03-2013, 15:28:17 > Authentification success.
Fri, 15-03-2013, 15:33:45 > Application startup successful
Fri, 15-03-2013, 16:03:03 > Application startup successful
Fri, 15-03-2013, 16:03:03 > Application startup successful
Fri, 15-03-2013, 16:03:04 > Application startup successful
Fri, 15-03-2013, 16:16:11 > Authentification success.
Fri, 15-03-2013, 16:21:28 > Authentification success.
Fri, 15-03-2013, 16:49:24 > Authentification success.
Fri, 15-03-2013, 18:55:38 > Application startup successful
Fri, 15-03-2013, 19:00:03 > Authentification success.
Mon, 18-03-2013, 10:02:33 > Authentification success.
Mon, 18-03-2013, 10:39:09 > Authentification success.
Mon, 18-03-2013, 11:48:07 > Authentification success.
Mon, 18-03-2013, 12:11:09 > Authentification success.
Mon, 18-03-2013, 12:36:56 > Authentification success.
Mon, 18-03-2013, 12:54:07 > Authentification success.
Mon, 18-03-2013, 13:27:37 > Authentification success.
Mon, 18-03-2013, 14:10:53 > Authentification success.
Mon, 18-03-2013, 14:24:47 > Application startup successful
Mon, 18-03-2013, 15:55:27 > Authentification success.
Mon, 18-03-2013, 16:18:22 > Authentification success.
Mon, 18-03-2013, 16:29:12 > Authentification success.
Mon, 18-03-2013, 16:59:56 > Authentification success.
Mon, 18-03-2013, 17:36:20 > Authentification success.
Tue, 19-03-2013, 09:17:24 > Authentification success.
Tue, 19-03-2013, 09:53:22 > Authentification success.
Tue, 19-03-2013, 10:45:23 > Authentification success.
Tue, 19-03-2013, 11:24:02 > Authentification success.
Tue, 19-03-2013, 12:09:14 > Authentification success.
Tue, 19-03-2013, 13:47:27 > Authentification success.
Tue, 19-03-2013, 14:59:41 > Authentification success.
Tue, 19-03-2013, 15:16:37 > Authentification success.
Tue, 19-03-2013, 16:13:45 > Authentification success.
Tue, 19-03-2013, 16:36:41 > Authentification success.
Wed, 20-03-2013, 08:20:57 > Authentification success.
Wed, 20-03-2013, 10:19:26 > Authentification success.
Wed, 20-03-2013, 10:22:59 > Authentification success.
Wed, 20-03-2013, 11:58:24 > Authentification success.
Wed, 20-03-2013, 13:07:16 > Authentification success.
Wed, 20-03-2013, 16:12:34 > Authentification success.
Wed, 20-03-2013, 16:46:47 > Authentification success.
Thu, 21-03-2013, 09:04:41 > Authentification success.
Thu, 21-03-2013, 10:06:01 > Authentification success.
Thu, 21-03-2013, 12:00:11 > Authentification success.
Thu, 21-03-2013, 13:46:57 > Authentification success.
Thu, 21-03-2013, 14:09:09 > Authentification success.
Thu, 21-03-2013, 14:23:55 > Authentification success.
Thu, 21-03-2013, 15:20:15 > Authentification success.
Thu, 21-03-2013, 16:34:43 > Authentification success.
Fri, 22-03-2013, 08:10:24 > Authentification success.
Fri, 22-03-2013, 10:45:15 > Authentification success.
Fri, 22-03-2013, 14:14:37 > Authentification success.
Fri, 22-03-2013, 14:50:43 > Authentification success.
Mon, 25-03-2013, 08:26:56 > Authentification success.
Mon, 25-03-2013, 09:15:36 > Authentification success.
Mon, 25-03-2013, 09:17:06 > Authentification success.
Mon, 25-03-2013, 09:20:46 > Authentification success.
Mon, 25-03-2013, 09:40:25 > Authentification success.
Mon, 25-03-2013, 10:09:31 > Authentification success.
Mon, 25-03-2013, 10:48:35 > Authentification success.
Mon, 25-03-2013, 12:23:09 > Authentification success.
Mon, 25-03-2013, 13:09:47 > Authentification success.
Mon, 25-03-2013, 14:09:52 > Authentification success.
Mon, 25-03-2013, 16:14:37 > Authentification success.
Tue, 26-03-2013, 10:17:26 > Authentification success.
Thu, 28-03-2013, 14:34:04 > Authentification success.
Tue, 02-04-2013, 15:00:27 > Authentification success.
Wed, 24-04-2013, 11:23:23 > Authentification success.
Mon, 06-05-2013, 18:38:02 > Authentification success.
Tue, 07-05-2013, 10:30:07 > Authentification success.
Tue, 07-05-2013, 10:34:34 > Application startup successful
Fri, 31-05-2013, 15:59:32 > Authentification success.
Wed, 05-06-2013, 10:35:40 > Authentification success.
Wed, 05-06-2013, 12:29:09 > Authentification success.
Wed, 05-06-2013, 16:35:49 > Authentification success.
Wed, 05-06-2013, 18:15:29 > Authentification success.
Wed, 05-06-2013, 18:21:39 > Authentification success.
Wed, 05-06-2013, 18:23:17 > Application startup successful
Thu, 06-06-2013, 12:07:02 > Authentification success.
Thu, 06-06-2013, 12:10:23 > Authentification success.
Thu, 06-06-2013, 14:16:30 > Authentification success.
Thu, 06-06-2013, 16:26:27 > Authentification success.
Thu, 06-06-2013, 17:31:15 > Authentification success.
Fri, 07-06-2013, 10:42:26 > Authentification success.
Fri, 07-06-2013, 12:24:40 > Authentification success.
Mon, 10-06-2013, 11:33:48 > Authentification success.
Tue, 11-06-2013, 16:51:32 > Authentification success.
Tue, 11-06-2013, 17:31:24 > Authentification success.
Tue, 11-06-2013, 17:44:56 > Authentification success.
Wed, 12-06-2013, 09:24:09 > Authentification success.
Wed, 12-06-2013, 09:28:43 > Authentification success.
Wed, 12-06-2013, 13:25:05 > Authentification success.
Wed, 12-06-2013, 14:50:18 > Authentification success.
Wed, 12-06-2013, 14:51:06 > Authentification success.
Wed, 12-06-2013, 15:04:49 > Authentification success.
Wed, 12-06-2013, 15:04:54 > Authentification success.
Wed, 12-06-2013, 15:05:58 > Application startup successful
Wed, 12-06-2013, 15:06:27 > Authentification success.
Wed, 12-06-2013, 15:09:27 > Application startup successful
Wed, 12-06-2013, 15:09:51 > Application startup successful
Wed, 12-06-2013, 16:00:08 > Authentification success.
Wed, 12-06-2013, 16:23:20 > Authentification success.
Wed, 12-06-2013, 17:10:28 > Authentification success.
Thu, 13-06-2013, 09:58:47 > Authentification success.
Tue, 18-06-2013, 12:08:45 > Authentification success.
Tue, 18-06-2013, 15:16:42 > Authentification success.
Wed, 19-06-2013, 10:18:53 > Authentification success.
Wed, 19-06-2013, 11:15:55 > Authentification success.
Wed, 19-06-2013, 16:49:47 > Authentification success.
Wed, 19-06-2013, 17:18:59 > Authentification success.
Wed, 19-06-2013, 17:19:29 > Authentification success.
Wed, 19-06-2013, 18:07:30 > Authentification success.
Thu, 20-06-2013, 10:34:36 > Authentification success.
Thu, 20-06-2013, 16:26:05 > Authentification success.
Mon, 24-06-2013, 14:27:13 > Authentification success.
Mon, 24-06-2013, 15:00:10 > Authentification success.
Wed, 26-06-2013, 17:33:51 > Authentification success.
Tue, 02-07-2013, 15:23:47 > Authentification success.
Wed, 03-07-2013, 14:30:29 > Authentification success.
Wed, 03-07-2013, 14:31:28 > Authentification success.
Thu, 04-07-2013, 12:07:39 > Authentification success.
Tue, 09-07-2013, 15:30:10 > Authentification success.
Tue, 09-07-2013, 16:28:31 > Authentification success.
Thu, 11-07-2013, 14:51:05 > Authentification success.
Fri, 12-07-2013, 14:42:08 > Authentification success.
Fri, 12-07-2013, 17:50:44 > Authentification success.
Mon, 15-07-2013, 10:28:43 > Authentification success.
Mon, 15-07-2013, 10:31:19 > Authentification success.
Mon, 15-07-2013, 11:43:09 > Authentification success.
Mon, 15-07-2013, 14:43:54 > Authentification success.
Tue, 16-07-2013, 12:29:16 > Authentification success.
Tue, 16-07-2013, 16:32:24 > Authentification success.
Wed, 17-07-2013, 11:32:50 > Authentification success.
Thu, 01-08-2013, 14:31:40 > Authentification success.
Mon, 05-08-2013, 15:26:01 > Authentification success.
Wed, 07-08-2013, 12:11:28 > Authentification success.
Fri, 09-08-2013, 13:46:17 > Authentification success.
Fri, 09-08-2013, 13:55:56 > Application startup successful
Fri, 09-08-2013, 16:05:40 > Authentification success.
Fri, 09-08-2013, 16:55:50 > Authentification success.
Fri, 09-08-2013, 17:37:03 > Authentification success.
Mon, 12-08-2013, 11:05:51 > Authentification success.
Mon, 12-08-2013, 12:31:33 > Authentification success.
Mon, 12-08-2013, 14:34:13 > Authentification success.
Mon, 12-08-2013, 15:17:11 > Authentification success.
Mon, 12-08-2013, 15:30:31 > Application startup successful
Mon, 12-08-2013, 15:36:31 > Authentification success.
Mon, 12-08-2013, 15:58:53 > Authentification success.
Mon, 12-08-2013, 15:59:21 > Application startup successful
Mon, 12-08-2013, 16:00:32 > Application startup successful
Mon, 12-08-2013, 17:39:31 > Authentification success.
Mon, 12-08-2013, 17:40:09 > Authentification success.
Mon, 12-08-2013, 17:53:22 > Authentification success.
Tue, 13-08-2013, 11:33:13 > Authentification success.
Wed, 14-08-2013, 10:53:31 > Authentification success.
Fri, 16-08-2013, 11:33:50 > Authentification success.
Fri, 16-08-2013, 14:28:59 > Authentification success.
Fri, 16-08-2013, 14:30:43 > Authentification success.
Fri, 16-08-2013, 15:16:55 > Authentification success.
Fri, 16-08-2013, 15:27:21 > Authentification success.
Fri, 16-08-2013, 16:27:34 > Authentification success.
Mon, 19-08-2013, 11:01:59 > Authentification success.
Wed, 18-09-2013, 17:44:03 > Authentification success.
Mon, 30-09-2013, 14:02:08 > Authentification success.
Mon, 30-09-2013, 16:03:25 > Authentification success.
Mon, 30-09-2013, 17:41:01 > Authentification success.
Mon, 30-09-2013, 18:01:04 > Application startup successful
Tue, 01-10-2013, 10:24:55 > Authentification success.
Tue, 01-10-2013, 14:14:49 > Authentification success.
Tue, 01-10-2013, 15:22:23 > Authentification success.
Tue, 01-10-2013, 16:14:34 > Authentification success.
Tue, 01-10-2013, 17:25:31 > Authentification success.
Wed, 02-10-2013, 11:12:54 > Authentification success.
Wed, 02-10-2013, 14:00:57 > Authentification success.
Wed, 02-10-2013, 15:09:19 > Authentification success.
Wed, 02-10-2013, 17:09:23 > Authentification success.
Thu, 03-10-2013, 10:59:42 > Authentification success.
Thu, 03-10-2013, 12:25:03 > Authentification success.
Thu, 03-10-2013, 14:07:35 > Authentification success.
Thu, 03-10-2013, 16:39:53 > Authentification success.
Thu, 03-10-2013, 18:19:34 > Authentification success.
Mon, 07-10-2013, 10:54:33 > Authentification success.
Mon, 07-10-2013, 12:10:23 > Authentification success.
Mon, 07-10-2013, 16:33:26 > Authentification success.
Tue, 08-10-2013, 10:14:09 > Authentification success.
Tue, 08-10-2013, 15:29:49 > Authentification success.
Tue, 08-10-2013, 16:46:03 > Authentification success.
Wed, 09-10-2013, 11:19:22 > Authentification success.
Wed, 09-10-2013, 18:33:32 > Authentification success.
Thu, 10-10-2013, 13:26:55 > Authentification success.
Thu, 10-10-2013, 15:07:16 > Authentification success.
Thu, 10-10-2013, 15:41:18 > Authentification success.
Thu, 10-10-2013, 17:29:49 > Authentification success.
Fri, 11-10-2013, 10:17:52 > Authentification success.
Mon, 14-10-2013, 12:21:57 > Authentification success.
Mon, 14-10-2013, 14:21:45 > Authentification success.
Mon, 14-10-2013, 16:29:13 > Authentification success.
Tue, 15-10-2013, 11:57:25 > Authentification success.
Tue, 22-10-2013, 16:42:25 > Authentification success.
Tue, 22-10-2013, 17:52:49 > Authentification success.
Mon, 04-11-2013, 16:50:35 > Authentification success.
Mon, 04-11-2013, 18:29:47 > Authentification success.
Thu, 14-11-2013, 16:29:52 > Authentification success.
Fri, 15-11-2013, 11:07:16 > Authentification success.
Fri, 15-11-2013, 11:27:54 > Authentification success.
Fri, 15-11-2013, 12:10:52 > Authentification success.
Fri, 15-11-2013, 13:05:53 > Authentification success.
Fri, 15-11-2013, 14:02:01 > Application startup successful
Fri, 15-11-2013, 14:02:12 > Application startup successful
Fri, 15-11-2013, 14:02:44 > Application startup successful
Fri, 15-11-2013, 14:04:50 > Application startup successful
Fri, 15-11-2013, 14:07:14 > Application startup successful
Fri, 15-11-2013, 15:47:39 > Authentification success.
Fri, 15-11-2013, 15:48:20 > Application startup successful
Fri, 15-11-2013, 15:55:05 > Application startup successful
Mon, 18-11-2013, 10:13:42 > Authentification success.
Mon, 18-11-2013, 14:12:37 > Authentification success.
Mon, 18-11-2013, 15:59:13 > Authentification success.
Mon, 18-11-2013, 18:17:38 > Authentification success.
Tue, 19-11-2013, 14:36:20 > Authentification success.
Tue, 19-11-2013, 15:00:09 > Application startup successful
Tue, 19-11-2013, 15:00:41 > Authentification success.
Tue, 19-11-2013, 15:02:12 > Authentification success.
Tue, 19-11-2013, 16:27:28 > Authentification success.
Wed, 27-11-2013, 15:57:47 > Authentification success.
Fri, 29-11-2013, 12:57:18 > Authentification success.
Wed, 04-12-2013, 11:36:25 > Authentification success.
Wed, 04-12-2013, 14:06:41 > Authentification success.
Wed, 11-12-2013, 15:33:25 > Authentification success.
Thu, 12-12-2013, 17:38:57 > Authentification success.
Fri, 13-12-2013, 15:01:56 > Authentification success.
Mon, 16-12-2013, 09:50:23 > Authentification success.
Mon, 16-12-2013, 11:05:18 > Authentification success.