
Fri, 15-02-2013, 11:37:04 > Authentification denied for the login "masson".
Wed, 27-02-2013, 15:53:07 > Authentification denied for the login "cmasson".
Thu, 28-02-2013, 16:02:00 > Authentification denied for the login "cmasson".
Tue, 12-03-2013, 17:37:35 > Application startup failed.
Tue, 12-03-2013, 17:38:01 > Application startup failed.
Tue, 12-03-2013, 18:06:38 > Authentification denied for the login "jfa".
Tue, 12-03-2013, 18:06:47 > Authentification denied for the login "masson".
Tue, 12-03-2013, 18:16:07 > Login "tribouillard" tried to access to a forbidden address.
Tue, 12-03-2013, 18:17:35 > Login "tribouillard" tried to access to a forbidden address.
Tue, 12-03-2013, 18:18:15 > Login "tribouillard" tried to access to a forbidden address.
Tue, 12-03-2013, 18:18:22 > Authentification denied for the login "".
Tue, 12-03-2013, 18:19:06 > Login "tribouillard" tried to access to a forbidden address.
Tue, 12-03-2013, 18:19:13 > Authentification denied for the login "".
Tue, 12-03-2013, 18:31:46 > Login "tribouillard" tried to access to a forbidden address.
Wed, 13-03-2013, 10:46:25 > Login "tribouillard" tried to access to a forbidden address.
Wed, 13-03-2013, 14:27:48 > Authentification denied for the login "rsibert".
Wed, 13-03-2013, 14:28:03 > Authentification denied for the login "jf".
Wed, 13-03-2013, 14:28:16 > Authentification denied for the login "jfa".
Wed, 13-03-2013, 14:28:22 > Authentification denied for the login "jf".
Wed, 13-03-2013, 14:28:31 > Authentification denied for the login "jfa".
Wed, 13-03-2013, 14:32:34 > Authentification denied for the login "jfa".
Wed, 13-03-2013, 14:32:45 > Authentification denied for the login "jfa".
Wed, 13-03-2013, 14:32:53 > Authentification denied for the login "jfa".
Wed, 13-03-2013, 14:33:00 > Authentification denied for the login "jfa".
Wed, 13-03-2013, 14:33:06 > Authentification denied for the login "jfa".
Wed, 13-03-2013, 14:47:17 > Authentification denied for the login "jfa".
Wed, 13-03-2013, 15:24:23 > Authentification denied for the login "tribouillard".
Thu, 14-03-2013, 09:07:39 > Authentification denied for the login "tibouillard".
Thu, 14-03-2013, 12:42:03 > Application startup failed.
Fri, 15-03-2013, 14:35:00 > Authentification denied for the login "kyxar".
Mon, 18-03-2013, 16:59:48 > Authentification denied for the login "yohan".
Mon, 25-03-2013, 10:09:25 > Authentification denied for the login "yohan".
Mon, 25-03-2013, 10:15:01 > Authentification denied for the login "demo".
Thu, 28-03-2013, 14:33:59 > Authentification denied for the login "yohan".
Fri, 31-05-2013, 15:59:08 > Authentification denied for the login "cmasson".
Fri, 31-05-2013, 15:59:18 > Authentification denied for the login "cmasson".
Fri, 31-05-2013, 15:59:27 > Authentification denied for the login "cmasson".
Wed, 05-06-2013, 10:35:17 > Authentification denied for the login "cmasson".
Wed, 05-06-2013, 10:35:26 > Authentification denied for the login "cmasson".
Thu, 06-06-2013, 14:16:07 > Authentification denied for the login "ediois".
Mon, 10-06-2013, 11:33:16 > Authentification denied for the login "emayou".
Mon, 10-06-2013, 11:33:41 > Authentification denied for the login "emayou".
Wed, 12-06-2013, 15:06:11 > Authentification denied for the login "rsi".
Wed, 03-07-2013, 14:31:18 > Authentification denied for the login "cmasson".
Mon, 15-07-2013, 10:30:44 > Authentification denied for the login "emayou".
Mon, 15-07-2013, 10:30:55 > Authentification denied for the login "emayou".
Mon, 15-07-2013, 10:31:09 > Authentification denied for the login "emayoud".
Mon, 12-08-2013, 12:31:15 > Authentification denied for the login "masson". Account is locked.
Mon, 12-08-2013, 15:17:05 > Authentification denied for the login "masson".
Mon, 12-08-2013, 15:18:11 > Authentification denied for the login "rsi".
Mon, 12-08-2013, 15:25:27 > Authentification denied for the login "rsi".
Mon, 12-08-2013, 15:33:39 > Authentification denied for the login "".
Mon, 12-08-2013, 15:36:19 > Authentification denied for the login "masson".
Mon, 12-08-2013, 15:40:15 > Authentification denied for the login "uiiy".
Mon, 12-08-2013, 17:39:21 > Authentification denied for the login "masson".
Mon, 12-08-2013, 17:42:15 > Authentification denied for the login "jdoe". Account is locked.
Wed, 18-09-2013, 17:43:55 > Authentification denied for the login "cmasson".
Mon, 30-09-2013, 14:01:53 > Authentification denied for the login "cmasson".
Mon, 30-09-2013, 14:02:01 > Authentification denied for the login "cmasson".
Wed, 02-10-2013, 14:00:50 > Authentification denied for the login "".